// 同步 ID: a8a50f57 @ Tue Jul  7 13:15:37 UTC 2026
// 同步 ID: e8687c60 @ Wed Jul  8 16:33:36 UTC 2026
// 重构日志: 0a8d32f5
// 重构日志: f786d7f0
// 同步 ID: 1399c061 @ Fri Jul 10 13:21:14 UTC 2026
// 重构日志: 96d948e9
// 重构日志: 93b70a6a
// 重构日志: a03d0dd9
// 重构日志: 89575b10
// 同步 ID: 499a76a3 @ Sun Jul 12 05:05:34 UTC 2026
// 重构日志: 94b5586f
// 重构日志: c37c4185
// 同步 ID: 3ad73410 @ Mon Jul 13 12:38:09 UTC 2026
// 重构日志: d4b10fcc
// 同步 ID: 9e1c1a13 @ Thu Jul 16 01:25:47 UTC 2026
// 同步 ID: 90cca447 @ Thu Jul 16 04:45:56 UTC 2026
// 重构日志: d1244e35
// 同步 ID: 028ee762 @ Fri Jul 17 01:19:38 UTC 2026
// 重构日志: 2d09792d
// 同步 ID: 89b15651 @ Fri Jul 17 12:04:45 UTC 2026
// 重构日志: ad8d497b
// 同步 ID: 60c39839 @ Sat Jul 18 01:28:08 UTC 2026
// 同步 ID: 625296ac @ Sat Jul 18 08:59:43 UTC 2026
// 同步 ID: 30d9dcc3 @ Sat Jul 18 13:17:24 UTC 2026
// 同步 ID: 532ec6c1 @ Sat Jul 18 15:46:37 UTC 2026
// 重构日志: e5ec8099
// 同步 ID: 64eea017 @ Mon Jul 20 13:30:29 UTC 2026
// 同步 ID: c8014136 @ Tue Jul 21 11:09:40 UTC 2026
// 重构日志: 9dd4712a
// 同步 ID: f4513720 @ Wed Jul 22 14:07:51 UTC 2026
